c:\users\jack\repo\simple\build2017\msgs\simple_msgs.dir\release\string.obj
c:\users\jack\repo\simple\build2017\msgs\simple_msgs.dir\release\bool.obj
c:\users\jack\repo\simple\build2017\msgs\simple_msgs.dir\release\rotation_matrix.obj
c:\users\jack\repo\simple\build2017\msgs\simple_msgs.dir\release\point.obj
c:\users\jack\repo\simple\build2017\msgs\simple_msgs.dir\release\quaternion.obj
c:\users\jack\repo\simple\build2017\msgs\simple_msgs.dir\release\pose.obj
c:\users\jack\repo\simple\build2017\msgs\simple_msgs.dir\release\image.obj
c:\users\jack\repo\simple\build2017\msgs\simple_msgs.dir\release\header.obj
c:\users\jack\repo\simple\build2017\msgs\cmakefiles\generate.stamp
c:\users\jack\repo\simple\build2017\msgs\release\simple_msgs.dll
c:\users\jack\repo\simple\build2017\msgs\release\simple_msgs.lib
c:\users\jack\repo\simple\build2017\msgs\release\simple_msgs.exp
c:\users\jack\repo\simple\build2017\msgs\simple_msgs.dir\release\simple_msgs.tlog\cl.command.1.tlog
c:\users\jack\repo\simple\build2017\msgs\simple_msgs.dir\release\simple_msgs.tlog\cl.read.1.tlog
c:\users\jack\repo\simple\build2017\msgs\simple_msgs.dir\release\simple_msgs.tlog\cl.write.1.tlog
c:\users\jack\repo\simple\build2017\msgs\simple_msgs.dir\release\simple_msgs.tlog\custombuild.command.1.tlog
c:\users\jack\repo\simple\build2017\msgs\simple_msgs.dir\release\simple_msgs.tlog\custombuild.read.1.tlog
c:\users\jack\repo\simple\build2017\msgs\simple_msgs.dir\release\simple_msgs.tlog\custombuild.write.1.tlog
c:\users\jack\repo\simple\build2017\msgs\simple_msgs.dir\release\simple_msgs.tlog\link.command.1.tlog
c:\users\jack\repo\simple\build2017\msgs\simple_msgs.dir\release\simple_msgs.tlog\link.read.1.tlog
c:\users\jack\repo\simple\build2017\msgs\simple_msgs.dir\release\simple_msgs.tlog\link.write.1.tlog
c:\users\jack\repo\simple\build2017\msgs\simple_msgs.dir\release\simple_msgs.tlog\simple_msgs.write.1u.tlog
